<?xml version="1.0" encoding="UTF-8"?>
<testng-results ignored="0" total="1" passed="1" failed="0" skipped="0">
  <reporter-output>
  </reporter-output>
  <suite started-at="2024-12-29T01:24:12 IST" name="Default suite" finished-at="2024-12-29T01:25:10 IST" duration-ms="57356">
    <groups>
    </groups>
    <test started-at="2024-12-29T01:24:12 IST" name="Default test" finished-at="2024-12-29T01:25:10 IST" duration-ms="57356">
      <class name="org.writeDataFromWebPageToExcel.WriteData1">
        <test-method signature="main()[pri:0, instance:org.writeDataFromWebPageToExcel.WriteData1@2f217633]" started-at="2024-12-29T01:24:12 IST" name="main" finished-at="2024-12-29T01:25:10 IST" duration-ms="57326" status="PASS">
          <reporter-output>
          </reporter-output>
        </test-method> <!-- main -->
      </class> <!-- org.writeDataFromWebPageToExcel.WriteData1 -->
    </test> <!-- Default test -->
  </suite> <!-- Default suite -->
</testng-results>
